<?xml version="1.0" encoding="UTF-8"?>
<testsuite xmlns:xsi="http://www.w3.org/2001/XMLSchema-instance" xsi:noNamespaceSchemaLocation="https://maven.apache.org/surefire/maven-surefire-plugin/xsd/surefire-test-report-3.0.xsd" version="3.0" name="TestSuite" time="5.059" tests="14" errors="0" skipped="0" failures="0">
  <properties>
[...]
</properties>
  <testcase name="method1" classname="com.sgtesting.tests.unittests.UnitTestcases" time="0.216">
    <system-out><![CDATA[It is method1 unit testcase statement !!!!
]]></system-out>
    <system-err><![CDATA[SLF4J: Failed to load class "org.slf4j.impl.StaticLoggerBinder".
SLF4J: Defaulting to no-operation (NOP) logger implementation
SLF4J: See http://www.slf4j.org/codes.html#StaticLoggerBinder for further details.
]]></system-err>
  </testcase>
  <testcase name="method2" classname="com.sgtesting.tests.unittests.UnitTestcases" time="0.004">
    <system-out><![CDATA[It is method2 unit testcase statement !!!!
]]></system-out>
  </testcase>
  <testcase name="method3" classname="com.sgtesting.tests.unittests.UnitTestcases" time="0.004">
    <system-out><![CDATA[It is method3 unit testcase statement !!!!
]]></system-out>
  </testcase>
  <testcase name="method4" classname="com.sgtesting.tests.unittests.UnitTestcases" time="0.009">
    <system-out><![CDATA[It is method4 unit testcase statement !!!!
]]></system-out>
  </testcase>
  <testcase name="method5" classname="com.sgtesting.tests.unittests.UnitTestcases" time="0.013">
    <system-out><![CDATA[It is method5 unit testcase statement !!!!
]]></system-out>
  </testcase>
  <testcase name="method6" classname="com.sgtesting.tests.unittests.UnitTestcases" time="0.019">
    <system-out><![CDATA[It is method6 unit testcase statement !!!!
]]></system-out>
  </testcase>
  <testcase name="method7" classname="com.sgtesting.tests.unittests.UnitTestcases" time="0.059">
    <system-out><![CDATA[It is method7 unit testcase statement !!!!
]]></system-out>
  </testcase>
  <testcase name="method8" classname="com.sgtesting.tests.unittests.UnitTestcases" time="0.005">
    <system-out><![CDATA[It is method8 unit testcase statement !!!!
]]></system-out>
  </testcase>
  <testcase name="method9" classname="com.sgtesting.tests.unittests.UnitTestcases" time="0.03">
    <system-out><![CDATA[It is method9 unit testcase statement !!!!
]]></system-out>
  </testcase>
  <testcase name="method10" classname="com.sgtesting.tests.unittests.UnitTestcases" time="0.146">
    <system-out><![CDATA[It is method10 unit testcase statement !!!!
]]></system-out>
  </testcase>
  <testcase name="method11" classname="com.sgtesting.tests.unittests.UnitTestcases" time="0.005">
    <system-out><![CDATA[It is method11 unit testcase statement !!!!
]]></system-out>
  </testcase>
  <testcase name="method12" classname="com.sgtesting.tests.unittests.UnitTestcases" time="0.02">
    <system-out><![CDATA[It is method12 unit testcase statement !!!!
]]></system-out>
  </testcase>
  <testcase name="method13" classname="com.sgtesting.tests.unittests.UnitTestcases" time="0.011">
    <system-out><![CDATA[It is method13 unit testcase statement !!!!
]]></system-out>
  </testcase>
  <testcase name="method14" classname="com.sgtesting.tests.unittests.UnitTestcases" time="0.134">
    <system-out><![CDATA[It is method14 unit testcase statement !!!!
]]></system-out>
  </testcase>
</testsuite>